Removed Pin From Net: NetName=A0 Pin=U0-0
Removed Pin From Net: NetName=B0 Pin=U0-1
Removed Pin From Net: NetName=NetR1_1 Pin=U0-2
Removed Pin From Net: NetName=NetR0_1 Pin=U0-4
Added Component: Designator=R0(AXIAL-0.3)
Add component (AddParameter): Name = "LatestRevisionDate"; Value = "17-Jul-2002"; VariantName = "[No Variations]"
Add component (AddParameter): Name = "LatestRevisionNote"; Value = "Re-released for DXP Platform."; VariantName = "[No Variations]"
Add component (AddParameter): Name = "PackageDescription"; Value = "Axial Device, Thru-Hole; 2 Leads; 0.3 in Pin Spacing"; VariantName = "[No Variations]"
Add component (AddParameter): Name = "PackageReference"; Value = "AXIAL-0.3"; VariantName = "[No Variations]"
Add component (AddParameter): Name = "Published"; Value = "8-Jun-2000"; VariantName = "[No Variations]"
Add component (AddParameter): Name = "Publisher"; Value = "Altium Limited"; VariantName = "[No Variations]"
Add component (AddParameter): Name = "Value"; Value = "268"; VariantName = "[No Variations]"
Added Pin To Net: NetName=GND Pin=R0-1
Added Pin To Net: NetName=NetR1_1 Pin=U0-5
Added Pin To Net: NetName=NetR0_1 Pin=U0-6
Added Pin To Net: NetName=A0 Pin=U0-16
Added Pin To Net: NetName=B0 Pin=U0-17
Added Pin To Net: NetName=Net*_5 Pin=R0-2
Added Net: Name=Net*_5
Added Net: Name=Vin
Added Class: Name=DC-DCConverter
