PCAD Importer Log
Project : 282834-3.LibPkg

Section : C:\Users\Public\Documents\Altium\2020AllPCBs\2020TeensySensorBoard\282834-3\282834-3.lia
    Section : PCB Library - 282834-3.PcbLib
        Section : Load Messages
            Warning - 1 : Skipping Token 282834-3 On Line 134
            Warning - 1 : Skipping Token attachedSymbol On Line 194
        EndSection

        Section : Import Messages
        EndSection
    EndSection

    Section : SCH Library - 282834-3.SchLib
        Section : Parsing Messages
            Warning - 1 : Skipping Token padStyleDef On Line 9
            Warning - 1 : Skipping Token padStyleDef On Line 21
            Warning - 1 : Skipping Token multiLayer On Line 96
            Warning - 1 : Skipping Token layerContents On Line 101
            Warning - 1 : Skipping Token layerContents On Line 110
            Warning - 1 : Skipping Token layerContents On Line 119
            Warning - 1 : Skipping Token layerContents On Line 125
        EndSection

        Section : Generating SCH Library - 282834-3.SchLib
        EndSection
    EndSection
EndSection
