Removed Pin From Net: NetName=GND Pin=C2-2
Removed Pin From Net: NetName=NetC3_2 Pin=C3-2
Removed Pin From Net: NetName=NetC3_1 Pin=J2-2
Removed Pin From Net: NetName=NetC3_1 Pin=PS1-4
Removed Pin From Net: NetName=NetC2_1 Pin=PS2-3
Removed Pin From Net: NetName=NetC2_1 Pin=XF2-2
Change Component Footprint: Designator=C1 Old Footprint=TDK-B32921C3104M New Footprint=CAPPRD250W50D630H1250
Change Component Footprint: Designator=C2 Old Footprint=TDK-B32921C3104M New Footprint=CAPPRD250W50D630H1250
Change Component Footprint: Designator=C3 Old Footprint=TDK-B32921C3104M New Footprint=CAPPRD250W50D630H1250
Change Component Footprint: Designator=C4 Old Footprint=TDK-B32921C3104M New Footprint=CAPPRD250W50D630H1250
Change Component Comment : Designator=C1 Old Comment=B32921C3104M New Comment=ESK107M016AE3AA
Change Component Comment : Designator=C2 Old Comment=B32921C3104M New Comment=ESK107M016AE3AA
Change Component Comment : Designator=C3 Old Comment=B32921C3104M New Comment=ESK107M016AE3AA
Change Component Comment : Designator=C4 Old Comment=B32921C3104M New Comment=ESK107M016AE3AA
Change Managed Component Library Link : Designator=C1 Old VaultGUID=B7D15EC3-160A-466F-A46C-7801FE6295A7 New VaultGUID= Old ItemGUID=319C2628-46AD-4836-9D29-C52995E0A253 New ItemGUID= Old RevisionGUID=5CA59CE3-72EF-4129-B59B-069134D0B4FF New RevisionGUID=
Change Managed Component Library Link : Designator=C2 Old VaultGUID=B7D15EC3-160A-466F-A46C-7801FE6295A7 New VaultGUID= Old ItemGUID=319C2628-46AD-4836-9D29-C52995E0A253 New ItemGUID= Old RevisionGUID=5CA59CE3-72EF-4129-B59B-069134D0B4FF New RevisionGUID=
Change Managed Component Library Link : Designator=C3 Old VaultGUID=B7D15EC3-160A-466F-A46C-7801FE6295A7 New VaultGUID= Old ItemGUID=319C2628-46AD-4836-9D29-C52995E0A253 New ItemGUID= Old RevisionGUID=5CA59CE3-72EF-4129-B59B-069134D0B4FF New RevisionGUID=
Change Managed Component Library Link : Designator=C4 Old VaultGUID=B7D15EC3-160A-466F-A46C-7801FE6295A7 New VaultGUID= Old ItemGUID=319C2628-46AD-4836-9D29-C52995E0A253 New ItemGUID= Old RevisionGUID=5CA59CE3-72EF-4129-B59B-069134D0B4FF New RevisionGUID=
Change component parameters: Designator = "C1" ("C1"); Footprint = "TDK-B32921C3104M"; UniqueID = "\RIHHCCHI" ("\RIHHCCHI")
Change component parameters (AddParameter): Name = "Datasheet Link"; Value = "https://api.kemet.com/component-edge/download/datasheet/ESK107M016AE3AA.pdf"; VariantName = "[No Variations]"
Change component parameters (AddParameter): Name = "Height"; Value = "12.5mm"; VariantName = "[No Variations]"
Change component parameters (AddParameter): Name = "Manufacturer_Name"; Value = "Kemet"; VariantName = "[No Variations]"
Change component parameters (AddParameter): Name = "Manufacturer_Part_Number"; Value = "ESK107M016AE3AA"; VariantName = "[No Variations]"
Change component parameters (AddParameter): Name = "Mouser2 Part Number"; Value = ""; VariantName = "[No Variations]"
Change component parameters (AddParameter): Name = "Mouser2 Price/Stock"; Value = ""; VariantName = "[No Variations]"
Change component parameters: Designator = "C2" ("C2"); Footprint = "TDK-B32921C3104M"; UniqueID = "\TDTRQAYH" ("\TDTRQAYH")
Change component parameters (AddParameter): Name = "Datasheet Link"; Value = "https://api.kemet.com/component-edge/download/datasheet/ESK107M016AE3AA.pdf"; VariantName = "[No Variations]"
Change component parameters (AddParameter): Name = "Height"; Value = "12.5mm"; VariantName = "[No Variations]"
Change component parameters (AddParameter): Name = "Manufacturer_Name"; Value = "Kemet"; VariantName = "[No Variations]"
Change component parameters (AddParameter): Name = "Manufacturer_Part_Number"; Value = "ESK107M016AE3AA"; VariantName = "[No Variations]"
Change component parameters (AddParameter): Name = "Mouser2 Part Number"; Value = ""; VariantName = "[No Variations]"
Change component parameters (AddParameter): Name = "Mouser2 Price/Stock"; Value = ""; VariantName = "[No Variations]"
Change component parameters: Designator = "C3" ("C3"); Footprint = "TDK-B32921C3104M"; UniqueID = "\VNZCMUEL" ("\VNZCMUEL")
Change component parameters (AddParameter): Name = "Datasheet Link"; Value = "https://api.kemet.com/component-edge/download/datasheet/ESK107M016AE3AA.pdf"; VariantName = "[No Variations]"
Change component parameters (AddParameter): Name = "Height"; Value = "12.5mm"; VariantName = "[No Variations]"
Change component parameters (AddParameter): Name = "Manufacturer_Name"; Value = "Kemet"; VariantName = "[No Variations]"
Change component parameters (AddParameter): Name = "Manufacturer_Part_Number"; Value = "ESK107M016AE3AA"; VariantName = "[No Variations]"
Change component parameters (AddParameter): Name = "Mouser2 Part Number"; Value = ""; VariantName = "[No Variations]"
Change component parameters (AddParameter): Name = "Mouser2 Price/Stock"; Value = ""; VariantName = "[No Variations]"
Change component parameters: Designator = "C4" ("C4"); Footprint = "TDK-B32921C3104M"; UniqueID = "\BENYQIUD" ("\BENYQIUD")
Change component parameters (AddParameter): Name = "Datasheet Link"; Value = "https://api.kemet.com/component-edge/download/datasheet/ESK107M016AE3AA.pdf"; VariantName = "[No Variations]"
Change component parameters (AddParameter): Name = "Height"; Value = "12.5mm"; VariantName = "[No Variations]"
Change component parameters (AddParameter): Name = "Manufacturer_Name"; Value = "Kemet"; VariantName = "[No Variations]"
Change component parameters (AddParameter): Name = "Manufacturer_Part_Number"; Value = "ESK107M016AE3AA"; VariantName = "[No Variations]"
Change component parameters (AddParameter): Name = "Mouser2 Part Number"; Value = ""; VariantName = "[No Variations]"
Change component parameters (AddParameter): Name = "Mouser2 Price/Stock"; Value = ""; VariantName = "[No Variations]"
Added Pin To Net: NetName=NetC3_2 Pin=C2-2
Added Pin To Net: NetName=GND Pin=C3-2
Added Pin To Net: NetName=NetC2_1 Pin=J2-2
Added Pin To Net: NetName=NetC2_1 Pin=PS1-4
Added Pin To Net: NetName=NetC3_1 Pin=PS2-3
Added Pin To Net: NetName=NetC3_1 Pin=XF2-2
Change Net Name : Old Net Name=NetC3_2 New Net Name=NetC2_2
