Removed Pin From Net: NetName=GND Pin=C2-2
Removed Pin From Net: NetName=GND Pin=PS2-2
Change Component Footprint: Designator=C1 Old Footprint=TDK-B32921C3104M New Footprint=NIC-RNS-8x11.5-2_V
Change Component Footprint: Designator=C2 Old Footprint=TDK-B32921C3104M New Footprint=NIC-RNS-8x11.5-2_V
Change Component Footprint: Designator=C3 Old Footprint=TDK-B32921C3104M New Footprint=NIC-RNS-8x11.5-2_V
Change Component Footprint: Designator=C4 Old Footprint=TDK-B32921C3104M New Footprint=NIC-RNS-8x11.5-2_V
Change Component Comment : Designator=C1 Old Comment=B32921C3104M New Comment=RNS1A101MDN1KX
Change Component Comment : Designator=C2 Old Comment=B32921C3104M New Comment=RNS1A101MDN1KX
Change Component Comment : Designator=C3 Old Comment=B32921C3104M New Comment=RNS1A101MDN1KX
Change Component Comment : Designator=C4 Old Comment=B32921C3104M New Comment=RNS1A101MDN1KX
Added Component: Designator=C?(NIC-RNS-8x11.5-2_V)
Add component (AddParameter): Name = "Capacitance Tolerance"; Value = "+/-20%"; VariantName = "[No Variations]"
Add component (AddParameter): Name = "ComponentLink1Description"; Value = "Manufacturer URL"; VariantName = "[No Variations]"
Add component (AddParameter): Name = "ComponentLink1URL"; Value = "http://www.nichicon.co.jp/"; VariantName = "[No Variations]"
Add component (AddParameter): Name = "ComponentLink2Description"; Value = "Datasheet"; VariantName = "[No Variations]"
Add component (AddParameter): Name = "ComponentLink2URL"; Value = "http://www.nichicon.co.jp/english/products/pdfs/e-ns.pdf"; VariantName = "[No Variations]"
Add component (AddParameter): Name = "ComponentLink3Description"; Value = "Package Specification"; VariantName = "[No Variations]"
Add component (AddParameter): Name = "ComponentLink3URL"; Value = "http://www.nichicon.co.jp/english/products/pdf/2013fpcap_catalog_ns.pdf"; VariantName = "[No Variations]"
Add component (AddParameter): Name = "DatasheetVersion"; Value = "Sep-13"; VariantName = "[No Variations]"
Add component (AddParameter): Name = "Leakage Current"; Value = "0.15 mA"; VariantName = "[No Variations]"
Add component (AddParameter): Name = "Manufacturer"; Value = "Nichicon"; VariantName = "[No Variations]"
Add component (AddParameter): Name = "Mounting Technology"; Value = "Through Hole"; VariantName = "[No Variations]"
Add component (AddParameter): Name = "PackageDescription"; Value = "2-Pin Through Hole Device, Dia 8 mm, Body Length 11.5 mm, Pin Spacing 3.5 mm"; VariantName = "[No Variations]"
Add component (AddParameter): Name = "PartNumber"; Value = "RNS1A101MDN1KX"; VariantName = "[No Variations]"
Add component (AddParameter): Name = "Rated Capacitance"; Value = "100 uF"; VariantName = "[No Variations]"
Add component (AddParameter): Name = "Rated Ripple"; Value = "3900 mA"; VariantName = "[No Variations]"
Add component (AddParameter): Name = "Rated Voltage"; Value = "10 V"; VariantName = "[No Variations]"
Add component (AddParameter): Name = "RoHS"; Value = "TRUE"; VariantName = "[No Variations]"
Add component (AddParameter): Name = "Temperature Range"; Value = "-55 to 105 degC"; VariantName = "[No Variations]"
Added Pin To Net: NetName=NetC2_2 Pin=C2-2
Added Pin To Net: NetName=NetC2_2 Pin=J3-4
Added Pin To Net: NetName=NetC2_2 Pin=PS2-2
Added Net: Name=NetC2_2
Added Pin To Net: NetName=NetXF1_1 Pin=XF1-1
Added Pin To Net: NetName=NetXF1_1 Pin=XF2-1
Added Net: Name=NetXF1_1
Added Member To Class: ClassName=Jetson Nano Power -2 Member=Component C? RNS1A101MDN1KX
Added Room: Name=Jetson Nano Power -2
